<?xml version="1.0" encoding="UTF-8"?>
<!-- Generated by org.testng.reporters.JUnitReportReporter -->
<testsuite hostname="IN-670QVP3" failures="0" tests="1" name="com.Practice.Tests.RegisterPageTest" time="21.822" errors="0" timestamp="2023-03-28T17:47:13 IST" skipped="0">
  <testcase classname="com.Practice.Tests.RegisterPageTest" name="visiblity" time="21.822"/>
  <system-out/>
</testsuite> <!-- com.Practice.Tests.RegisterPageTest -->
