<?xml version="1.0" encoding="UTF-8"?>
<!-- Generated by org.testng.reporters.JUnitReportReporter -->
<testsuite hostname="IN-670QVP3" failures="0" tests="2" name="com.Practice.Tests.LoginTest" time="20.849" errors="0" timestamp="2023-03-28T14:23:47 IST" skipped="0">
  <testcase classname="com.Practice.Tests.LoginTest" name="ValidLogin" time="10.259"/>
  <system-out/>
  <testcase classname="com.Practice.Tests.LoginTest" name="InValidLogin" time="10.590"/>
  <system-out/>
</testsuite> <!-- com.Practice.Tests.LoginTest -->
